> PRINT
.......y...................g...................l....t....y..............g....y..
................................................................................
............l.........s..............r........................t....r............
................................................................................
..b..............c..............o.........p.....................................

> GROW 5

> PRINT
..b....y..lllll..c..sssss..g....o..rrrrr..p....l....t....y..tttttrrrrr..g....y..
..b....y..lllll..c..sssss..g....o..rrrrr..p....l....t....y..tttttrrrrr..g....y..
..b....y..lllll..c..sssss..g....o..rrrrr..p....l....t....y..tttttrrrrr..g....y..
..b....y..lllll..c..sssss..g....o..rrrrr..p....l....t....y..tttttrrrrr..g....y..
..b....y..lllll..c..sssss..g....o..rrrrr..p....l....t....y..tttttrrrrr..g....y..

> CUT

> PRINT
.......y..lllll.....sssss..g.......rrrrr.......l....t....y..tttttrrrrr..g....y..
.......y..lllll.....sssss..g.......rrrrr.......l....t....y..tttttrrrrr..g....y..
.......y..lllll.....sssss..g.......rrrrr.......l....t....y..tttttrrrrr..g....y..
.......y..lllll.....sssss..g.......rrrrr.......l....t....y..tttttrrrrr..g....y..
.......y..lllll.....sssss..g.......rrrrr.......l....t....y..tttttrrrrr..g....y..

> PICK

> PRINT
.......y...................g...................l....t....y..............g....y..
.......y...................g...................l....t....y..............g....y..
.......y...................g...................l....t....y..............g....y..
.......y...................g...................l....t....y..............g....y..
.......y...................g...................l....t....y..............g....y..

> HARVEST

> PRINT
................................................................................
................................................................................
................................................................................
................................................................................
................................................................................

